<?xml version="1.0" encoding="UTF-8"?>
<testng-results ignored="0" total="1" passed="1" failed="0" skipped="0">
  <reporter-output>
  </reporter-output>
  <suite started-at="2022-11-20T00:18:54 IST" name="Default suite" finished-at="2022-11-20T00:18:58 IST" duration-ms="3557">
    <groups>
    </groups>
    <test started-at="2022-11-20T00:18:54 IST" name="Default test" finished-at="2022-11-20T00:18:58 IST" duration-ms="3557">
      <class name="exceldata.ReadExcelData">
        <test-method signature="dataReadTest()[pri:0, instance:exceldata.ReadExcelData@7722c3c3]" started-at="2022-11-20T00:18:54 IST" name="dataReadTest" finished-at="2022-11-20T00:18:58 IST" duration-ms="3450" status="PASS">
          <reporter-output>
          </reporter-output>
        </test-method> <!-- dataReadTest -->
      </class> <!-- exceldata.ReadExcelData -->
    </test> <!-- Default test -->
  </suite> <!-- Default suite -->
</testng-results>
